[2015-03-08 15:58:10] local.ERROR: exception 'Illuminate\Session\TokenMismatchException' in C:\xampp\htdocs\list\storage\framework\compiled.php:2402
Stack trace:
#0 C:\xampp\htdocs\list\app\Http\Middleware\VerifyCsrfToken.php(17): Illuminate\Foundation\Http\Middleware\VerifyCsrfToken->handle(Object(Illuminate\Http\Request), Object(Closure))
#1 C:\xampp\htdocs\list\storage\framework\compiled.php(8887): App\Http\Middleware\VerifyCsrfToken->handle(Object(Illuminate\Http\Request), Object(Closure))
#2 C:\xampp\htdocs\list\storage\framework\compiled.php(12022): Illuminate\Pipeline\Pipeline->Illuminate\Pipeline\{closure}(Object(Illuminate\Http\Request))
#3 C:\xampp\htdocs\list\storage\framework\compiled.php(8887): Illuminate\View\Middleware\ShareErrorsFromSession->handle(Object(Illuminate\Http\Request), Object(Closure))
#4 C:\xampp\htdocs\list\storage\framework\compiled.php(10728): Illuminate\Pipeline\Pipeline->Illuminate\Pipeline\{closure}(Object(Illuminate\Http\Request))
#5 C:\xampp\htdocs\list\storage\framework\compiled.php(8887): Illuminate\Session\Middleware\StartSession->handle(Object(Illuminate\Http\Request), Object(Closure))
#6 C:\xampp\htdocs\list\storage\framework\compiled.php(11728): Illuminate\Pipeline\Pipeline->Illuminate\Pipeline\{closure}(Object(Illuminate\Http\Request))
#7 C:\xampp\htdocs\list\storage\framework\compiled.php(8887): Illuminate\Cookie\Middleware\AddQueuedCookiesToResponse->handle(Object(Illuminate\Http\Request), Object(Closure))
#8 C:\xampp\htdocs\list\storage\framework\compiled.php(11677): Illuminate\Pipeline\Pipeline->Illuminate\Pipeline\{closure}(Object(Illuminate\Http\Request))
#9 C:\xampp\htdocs\list\storage\framework\compiled.php(8887): Illuminate\Cookie\Middleware\EncryptCookies->handle(Object(Illuminate\Http\Request), Object(Closure))
#10 C:\xampp\htdocs\list\storage\framework\compiled.php(2440): Illuminate\Pipeline\Pipeline->Illuminate\Pipeline\{closure}(Object(Illuminate\Http\Request))
#11 C:\xampp\htdocs\list\storage\framework\compiled.php(8887): Illuminate\Foundation\Http\Middleware\CheckForMaintenanceMode->handle(Object(Illuminate\Http\Request), Object(Closure))
#12 [internal function]: Illuminate\Pipeline\Pipeline->Illuminate\Pipeline\{closure}(Object(Illuminate\Http\Request))
#13 C:\xampp\htdocs\list\storage\framework\compiled.php(8878): call_user_func(Object(Closure), Object(Illuminate\Http\Request))
#14 C:\xampp\htdocs\list\storage\framework\compiled.php(1879): Illuminate\Pipeline\Pipeline->then(Object(Closure))
#15 C:\xampp\htdocs\list\storage\framework\compiled.php(1868): Illuminate\Foundation\Http\Kernel->sendRequestThroughRouter(Object(Illuminate\Http\Request))
#16 C:\xampp\htdocs\list\public\index.php(53): Illuminate\Foundation\Http\Kernel->handle(Object(Illuminate\Http\Request))
#17 {main}  
